Mon Jul 31 12:30:04 EDT 2017 - Mon Jul 31 12:30:04 EDT 2017 osync batch run
Mon Jul 31 12:30:04 EDT 2017 - Sequential run n°1 of osync instances for:
Mon Jul 31 12:30:04 EDT 2017 - device1.conf
Mon Jul 31 12:30:04 EDT 2017 - device2.conf
Mon Jul 31 12:30:17 EDT 2017 - Instance device1.conf succeed.
Mon Jul 31 12:30:28 EDT 2017 - Instance device2.conf succeed.
Mon Jul 31 12:33:28 EDT 2017 - Mon Jul 31 12:33:28 EDT 2017 osync batch run
Mon Jul 31 12:33:28 EDT 2017 - Sequential run n°1 of osync instances for:
Mon Jul 31 12:33:28 EDT 2017 - device1.conf
Mon Jul 31 12:33:28 EDT 2017 - device2.conf
Mon Jul 31 12:33:39 EDT 2017 - Instance device1.conf succeed.
Mon Jul 31 12:33:50 EDT 2017 - Instance device2.conf succeed.
Mon Jul 31 12:35:02 EDT 2017 - Mon Jul 31 12:35:02 EDT 2017 osync batch run
Mon Jul 31 12:35:02 EDT 2017 - Sequential run n°1 of osync instances for:
Mon Jul 31 12:35:02 EDT 2017 - device1.conf
Mon Jul 31 12:35:02 EDT 2017 - device2.conf
Mon Jul 31 12:35:13 EDT 2017 - Instance device1.conf succeed.
Mon Jul 31 12:35:23 EDT 2017 - Instance device2.conf succeed.
Mon Jul 31 12:35:35 EDT 2017 - Mon Jul 31 12:35:35 EDT 2017 osync batch run
Mon Jul 31 12:35:35 EDT 2017 - Sequential run n°1 of osync instances for:
Mon Jul 31 12:35:35 EDT 2017 - device1.conf
Mon Jul 31 12:35:35 EDT 2017 - device2.conf
Mon Jul 31 12:35:46 EDT 2017 - Instance device1.conf succeed.
Mon Jul 31 12:35:57 EDT 2017 - Instance device2.conf succeed.
Mon Jul 31 12:48:01 EDT 2017 - Mon Jul 31 12:48:01 EDT 2017 osync batch run
Mon Jul 31 12:48:01 EDT 2017 - Sequential run n°1 of osync instances for:
Mon Jul 31 12:48:01 EDT 2017 - device1.conf
Mon Jul 31 12:48:01 EDT 2017 - device2.conf
Mon Jul 31 12:48:11 EDT 2017 - Instance device1.conf succeed.
Mon Jul 31 12:48:22 EDT 2017 - Instance device2.conf succeed.
Mon Jul 31 12:49:01 EDT 2017 - Mon Jul 31 12:49:01 EDT 2017 osync batch run
Mon Jul 31 12:49:01 EDT 2017 - Sequential run n°1 of osync instances for:
Mon Jul 31 12:49:01 EDT 2017 - device1.conf
Mon Jul 31 12:49:01 EDT 2017 - device2.conf
Mon Jul 31 12:49:12 EDT 2017 - Instance device1.conf succeed.
Mon Jul 31 12:49:23 EDT 2017 - Instance device2.conf succeed.
Mon Jul 31 12:50:01 EDT 2017 - Mon Jul 31 12:50:01 EDT 2017 osync batch run
Mon Jul 31 12:50:01 EDT 2017 - Sequential run n°1 of osync instances for:
Mon Jul 31 12:50:01 EDT 2017 - device1.conf
Mon Jul 31 12:50:01 EDT 2017 - device2.conf
Mon Jul 31 12:50:12 EDT 2017 - Instance device1.conf succeed.
Mon Jul 31 12:50:23 EDT 2017 - Instance device2.conf succeed.
Mon Jul 31 12:51:01 EDT 2017 - Mon Jul 31 12:51:01 EDT 2017 osync batch run
Mon Jul 31 12:51:01 EDT 2017 - Sequential run n°1 of osync instances for:
Mon Jul 31 12:51:01 EDT 2017 - device1.conf
Mon Jul 31 12:51:01 EDT 2017 - device2.conf
Mon Jul 31 12:51:12 EDT 2017 - Instance device1.conf succeed.
Mon Jul 31 12:51:22 EDT 2017 - Instance device2.conf succeed.
Mon Jul 31 12:52:02 EDT 2017 - Mon Jul 31 12:52:02 EDT 2017 osync batch run
Mon Jul 31 12:52:02 EDT 2017 - Sequential run n°1 of osync instances for:
Mon Jul 31 12:52:02 EDT 2017 - device1.conf
Mon Jul 31 12:52:02 EDT 2017 - device2.conf
Mon Jul 31 12:52:12 EDT 2017 - Instance device1.conf succeed.
Mon Jul 31 12:52:23 EDT 2017 - Instance device2.conf succeed.
Mon Jul 31 12:53:01 EDT 2017 - Mon Jul 31 12:53:01 EDT 2017 osync batch run
Mon Jul 31 12:53:01 EDT 2017 - Sequential run n°1 of osync instances for:
Mon Jul 31 12:53:01 EDT 2017 - device1.conf
Mon Jul 31 12:53:01 EDT 2017 - device2.conf
Mon Jul 31 12:53:12 EDT 2017 - Instance device1.conf succeed.
Mon Jul 31 12:53:23 EDT 2017 - Instance device2.conf succeed.
Mon Jul 31 12:54:01 EDT 2017 - Mon Jul 31 12:54:01 EDT 2017 osync batch run
Mon Jul 31 12:54:01 EDT 2017 - Sequential run n°1 of osync instances for:
Mon Jul 31 12:54:01 EDT 2017 - device1.conf
Mon Jul 31 12:54:01 EDT 2017 - device2.conf
Mon Jul 31 12:54:12 EDT 2017 - Instance device1.conf succeed.
Mon Jul 31 12:54:23 EDT 2017 - Instance device2.conf succeed.
Mon Jul 31 12:55:01 EDT 2017 - Mon Jul 31 12:55:01 EDT 2017 osync batch run
Mon Jul 31 12:55:01 EDT 2017 - Sequential run n°1 of osync instances for:
Mon Jul 31 12:55:01 EDT 2017 - device1.conf
Mon Jul 31 12:55:01 EDT 2017 - device2.conf
Mon Jul 31 12:55:12 EDT 2017 - Instance device1.conf succeed.
Mon Jul 31 12:55:22 EDT 2017 - Instance device2.conf succeed.
Mon Jul 31 12:56:01 EDT 2017 - Mon Jul 31 12:56:01 EDT 2017 osync batch run
Mon Jul 31 12:56:01 EDT 2017 - Sequential run n°1 of osync instances for:
Mon Jul 31 12:56:01 EDT 2017 - device1.conf
Mon Jul 31 12:56:01 EDT 2017 - device2.conf
Mon Jul 31 12:56:12 EDT 2017 - Instance device1.conf succeed.
Mon Jul 31 12:56:23 EDT 2017 - Instance device2.conf succeed.
Mon Jul 31 12:57:01 EDT 2017 - Mon Jul 31 12:57:01 EDT 2017 osync batch run
Mon Jul 31 12:57:01 EDT 2017 - Sequential run n°1 of osync instances for:
Mon Jul 31 12:57:01 EDT 2017 - device1.conf
Mon Jul 31 12:57:01 EDT 2017 - device2.conf
Mon Jul 31 12:57:12 EDT 2017 - Instance device1.conf succeed.
Mon Jul 31 12:57:22 EDT 2017 - Instance device2.conf succeed.
Mon Jul 31 12:58:01 EDT 2017 - Mon Jul 31 12:58:01 EDT 2017 osync batch run
Mon Jul 31 12:58:01 EDT 2017 - Sequential run n°1 of osync instances for:
Mon Jul 31 12:58:01 EDT 2017 - device1.conf
Mon Jul 31 12:58:01 EDT 2017 - device2.conf
Mon Jul 31 12:58:13 EDT 2017 - Instance device1.conf succeed.
Mon Jul 31 12:58:24 EDT 2017 - Instance device2.conf succeed.
Mon Jul 31 12:59:01 EDT 2017 - Mon Jul 31 12:59:01 EDT 2017 osync batch run
Mon Jul 31 12:59:01 EDT 2017 - Sequential run n°1 of osync instances for:
Mon Jul 31 12:59:01 EDT 2017 - device1.conf
Mon Jul 31 12:59:01 EDT 2017 - device2.conf
Mon Jul 31 12:59:11 EDT 2017 - Instance device1.conf succeed.
Mon Jul 31 12:59:22 EDT 2017 - Instance device2.conf succeed.
Mon Jul 31 13:00:01 EDT 2017 - Mon Jul 31 13:00:01 EDT 2017 osync batch run
Mon Jul 31 13:00:01 EDT 2017 - Sequential run n°1 of osync instances for:
Mon Jul 31 13:00:01 EDT 2017 - device1.conf
Mon Jul 31 13:00:01 EDT 2017 - device2.conf
Mon Jul 31 13:00:12 EDT 2017 - Instance device1.conf succeed.
Mon Jul 31 13:00:23 EDT 2017 - Instance device2.conf succeed.
Mon Jul 31 13:01:01 EDT 2017 - Mon Jul 31 13:01:01 EDT 2017 osync batch run
Mon Jul 31 13:01:01 EDT 2017 - Sequential run n°1 of osync instances for:
Mon Jul 31 13:01:01 EDT 2017 - device1.conf
Mon Jul 31 13:01:01 EDT 2017 - device2.conf
Mon Jul 31 13:01:12 EDT 2017 - Instance device1.conf succeed.
Mon Jul 31 13:01:23 EDT 2017 - Instance device2.conf succeed.
Mon Jul 31 13:02:01 EDT 2017 - Mon Jul 31 13:02:01 EDT 2017 osync batch run
Mon Jul 31 13:02:01 EDT 2017 - Sequential run n°1 of osync instances for:
Mon Jul 31 13:02:01 EDT 2017 - device1.conf
Mon Jul 31 13:02:01 EDT 2017 - device2.conf
Mon Jul 31 13:02:12 EDT 2017 - Instance device1.conf succeed.
Mon Jul 31 13:02:22 EDT 2017 - Instance device2.conf succeed.
Mon Jul 31 13:03:01 EDT 2017 - Mon Jul 31 13:03:01 EDT 2017 osync batch run
Mon Jul 31 13:03:02 EDT 2017 - Sequential run n°1 of osync instances for:
Mon Jul 31 13:03:02 EDT 2017 - device1.conf
Mon Jul 31 13:03:02 EDT 2017 - device2.conf
Mon Jul 31 13:03:12 EDT 2017 - Instance device1.conf succeed.
Mon Jul 31 13:03:24 EDT 2017 - Instance device2.conf succeed.
Mon Jul 31 13:04:01 EDT 2017 - Mon Jul 31 13:04:01 EDT 2017 osync batch run
Mon Jul 31 13:04:01 EDT 2017 - Sequential run n°1 of osync instances for:
Mon Jul 31 13:04:01 EDT 2017 - device1.conf
Mon Jul 31 13:04:01 EDT 2017 - device2.conf
Mon Jul 31 13:04:11 EDT 2017 - Instance device1.conf succeed.
Mon Jul 31 13:04:22 EDT 2017 - Instance device2.conf succeed.
Mon Jul 31 13:05:01 EDT 2017 - Mon Jul 31 13:05:01 EDT 2017 osync batch run
Mon Jul 31 13:05:01 EDT 2017 - Sequential run n°1 of osync instances for:
Mon Jul 31 13:05:01 EDT 2017 - device1.conf
Mon Jul 31 13:05:01 EDT 2017 - device2.conf
Mon Jul 31 13:05:12 EDT 2017 - Instance device1.conf succeed.
Mon Jul 31 13:05:23 EDT 2017 - Instance device2.conf succeed.
Mon Jul 31 13:06:01 EDT 2017 - Mon Jul 31 13:06:01 EDT 2017 osync batch run
Mon Jul 31 13:06:01 EDT 2017 - Sequential run n°1 of osync instances for:
Mon Jul 31 13:06:01 EDT 2017 - device1.conf
Mon Jul 31 13:06:01 EDT 2017 - device2.conf
Mon Jul 31 13:06:13 EDT 2017 - Instance device1.conf succeed.
Mon Jul 31 13:06:24 EDT 2017 - Instance device2.conf succeed.
Mon Jul 31 13:21:57 EDT 2017 - Mon Jul 31 13:21:57 EDT 2017 osync batch run
Mon Jul 31 13:21:57 EDT 2017 - Sequential run n°1 of osync instances for:
Mon Jul 31 13:21:57 EDT 2017 - device1.conf
Mon Jul 31 13:21:57 EDT 2017 - device2.conf
Mon Jul 31 13:22:09 EDT 2017 - Instance device1.conf succeed.
Mon Jul 31 13:22:20 EDT 2017 - Instance device2.conf succeed.
Mon Jul 31 13:25:01 EDT 2017 - Mon Jul 31 13:25:01 EDT 2017 osync batch run
Mon Jul 31 13:25:01 EDT 2017 - Sequential run n°1 of osync instances for:
Mon Jul 31 13:25:01 EDT 2017 - device1.conf
Mon Jul 31 13:25:01 EDT 2017 - device2.conf
Mon Jul 31 13:25:12 EDT 2017 - Instance device1.conf succeed.
Mon Jul 31 13:25:24 EDT 2017 - Instance device2.conf succeed.
Mon Jul 31 13:26:01 EDT 2017 - Mon Jul 31 13:26:01 EDT 2017 osync batch run
Mon Jul 31 13:26:01 EDT 2017 - Sequential run n°1 of osync instances for:
Mon Jul 31 13:26:01 EDT 2017 - device1.conf
Mon Jul 31 13:26:01 EDT 2017 - device2.conf
Mon Jul 31 13:26:12 EDT 2017 - Instance device1.conf succeed.
Mon Jul 31 13:26:23 EDT 2017 - Instance device2.conf succeed.
Mon Jul 31 13:27:01 EDT 2017 - Mon Jul 31 13:27:01 EDT 2017 osync batch run
Mon Jul 31 13:27:01 EDT 2017 - Sequential run n°1 of osync instances for:
Mon Jul 31 13:27:01 EDT 2017 - device1.conf
Mon Jul 31 13:27:01 EDT 2017 - device2.conf
Mon Jul 31 13:27:12 EDT 2017 - Instance device1.conf succeed.
Mon Jul 31 13:27:24 EDT 2017 - Instance device2.conf succeed.
Mon Jul 31 13:28:01 EDT 2017 - Mon Jul 31 13:28:01 EDT 2017 osync batch run
Mon Jul 31 13:28:01 EDT 2017 - Sequential run n°1 of osync instances for:
Mon Jul 31 13:28:01 EDT 2017 - device1.conf
Mon Jul 31 13:28:01 EDT 2017 - device2.conf
Mon Jul 31 13:28:12 EDT 2017 - Instance device1.conf succeed.
Mon Jul 31 13:28:23 EDT 2017 - Instance device2.conf succeed.
Mon Jul 31 13:29:01 EDT 2017 - Mon Jul 31 13:29:01 EDT 2017 osync batch run
Mon Jul 31 13:29:01 EDT 2017 - Sequential run n°1 of osync instances for:
Mon Jul 31 13:29:01 EDT 2017 - device1.conf
Mon Jul 31 13:29:01 EDT 2017 - device2.conf
Mon Jul 31 13:29:11 EDT 2017 - Instance device1.conf succeed.
Mon Jul 31 13:29:22 EDT 2017 - Instance device2.conf succeed.
Mon Jul 31 13:30:01 EDT 2017 - Mon Jul 31 13:30:01 EDT 2017 osync batch run
Mon Jul 31 13:30:01 EDT 2017 - Sequential run n°1 of osync instances for:
Mon Jul 31 13:30:01 EDT 2017 - device1.conf
Mon Jul 31 13:30:01 EDT 2017 - device2.conf
Mon Jul 31 13:30:14 EDT 2017 - Instance device1.conf succeed.
Mon Jul 31 13:30:25 EDT 2017 - Instance device2.conf succeed.
Mon Jul 31 13:31:01 EDT 2017 - Mon Jul 31 13:31:01 EDT 2017 osync batch run
Mon Jul 31 13:31:01 EDT 2017 - Sequential run n°1 of osync instances for:
Mon Jul 31 13:31:01 EDT 2017 - device1.conf
Mon Jul 31 13:31:01 EDT 2017 - device2.conf
Mon Jul 31 13:31:12 EDT 2017 - Instance device1.conf succeed.
Mon Jul 31 13:31:23 EDT 2017 - Instance device2.conf succeed.
Mon Jul 31 13:32:01 EDT 2017 - Mon Jul 31 13:32:01 EDT 2017 osync batch run
Mon Jul 31 13:32:01 EDT 2017 - Sequential run n°1 of osync instances for:
Mon Jul 31 13:32:01 EDT 2017 - device1.conf
Mon Jul 31 13:32:01 EDT 2017 - device2.conf
Mon Jul 31 13:32:12 EDT 2017 - Instance device1.conf succeed.
Mon Jul 31 13:32:23 EDT 2017 - Instance device2.conf succeed.
Mon Jul 31 13:33:01 EDT 2017 - Mon Jul 31 13:33:01 EDT 2017 osync batch run
Mon Jul 31 13:33:01 EDT 2017 - Sequential run n°1 of osync instances for:
Mon Jul 31 13:33:01 EDT 2017 - device1.conf
Mon Jul 31 13:33:01 EDT 2017 - device2.conf
Mon Jul 31 13:33:11 EDT 2017 - Instance device1.conf succeed.
Mon Jul 31 13:33:22 EDT 2017 - Instance device2.conf succeed.
Mon Jul 31 13:34:01 EDT 2017 - Mon Jul 31 13:34:01 EDT 2017 osync batch run
Mon Jul 31 13:34:01 EDT 2017 - Sequential run n°1 of osync instances for:
Mon Jul 31 13:34:01 EDT 2017 - device1.conf
Mon Jul 31 13:34:01 EDT 2017 - device2.conf
Mon Jul 31 13:34:12 EDT 2017 - Instance device1.conf succeed.
Mon Jul 31 13:34:22 EDT 2017 - Instance device2.conf succeed.
Mon Jul 31 13:35:01 EDT 2017 - Mon Jul 31 13:35:01 EDT 2017 osync batch run
Mon Jul 31 13:35:01 EDT 2017 - Sequential run n°1 of osync instances for:
Mon Jul 31 13:35:01 EDT 2017 - device1.conf
Mon Jul 31 13:35:01 EDT 2017 - device2.conf
Mon Jul 31 13:35:12 EDT 2017 - Instance device1.conf succeed.
Mon Jul 31 13:35:23 EDT 2017 - Instance device2.conf succeed.
Mon Jul 31 13:36:01 EDT 2017 - Mon Jul 31 13:36:01 EDT 2017 osync batch run
Mon Jul 31 13:36:01 EDT 2017 - Sequential run n°1 of osync instances for:
Mon Jul 31 13:36:01 EDT 2017 - device1.conf
Mon Jul 31 13:36:01 EDT 2017 - device2.conf
Mon Jul 31 13:36:12 EDT 2017 - Instance device1.conf succeed.
Mon Jul 31 13:36:23 EDT 2017 - Instance device2.conf succeed.
Mon Jul 31 13:37:01 EDT 2017 - Mon Jul 31 13:37:01 EDT 2017 osync batch run
Mon Jul 31 13:37:01 EDT 2017 - Sequential run n°1 of osync instances for:
Mon Jul 31 13:37:01 EDT 2017 - device1.conf
Mon Jul 31 13:37:01 EDT 2017 - device2.conf
Mon Jul 31 13:37:12 EDT 2017 - Instance device1.conf succeed.
Mon Jul 31 13:37:22 EDT 2017 - Instance device2.conf succeed.
Mon Jul 31 13:38:01 EDT 2017 - Mon Jul 31 13:38:01 EDT 2017 osync batch run
Mon Jul 31 13:38:01 EDT 2017 - Sequential run n°1 of osync instances for:
Mon Jul 31 13:38:01 EDT 2017 - device1.conf
Mon Jul 31 13:38:01 EDT 2017 - device2.conf
Mon Jul 31 13:38:12 EDT 2017 - Instance device1.conf succeed.
Mon Jul 31 13:38:23 EDT 2017 - Instance device2.conf succeed.
Mon Jul 31 13:39:01 EDT 2017 - Mon Jul 31 13:39:01 EDT 2017 osync batch run
Mon Jul 31 13:39:01 EDT 2017 - Sequential run n°1 of osync instances for:
Mon Jul 31 13:39:01 EDT 2017 - device1.conf
Mon Jul 31 13:39:01 EDT 2017 - device2.conf
Mon Jul 31 13:40:01 EDT 2017 - Mon Jul 31 13:40:01 EDT 2017 osync batch run
Mon Jul 31 13:40:01 EDT 2017 - Sequential run n°1 of osync instances for:
Mon Jul 31 13:40:01 EDT 2017 - device1.conf
Mon Jul 31 13:40:01 EDT 2017 - device2.conf
Mon Jul 31 13:41:01 EDT 2017 - Mon Jul 31 13:41:01 EDT 2017 osync batch run
Mon Jul 31 13:41:01 EDT 2017 - Sequential run n°1 of osync instances for:
Mon Jul 31 13:41:01 EDT 2017 - device1.conf
Mon Jul 31 13:41:01 EDT 2017 - device2.conf
Mon Jul 31 13:42:01 EDT 2017 - Mon Jul 31 13:42:01 EDT 2017 osync batch run
Mon Jul 31 13:42:01 EDT 2017 - Sequential run n°1 of osync instances for:
Mon Jul 31 13:42:01 EDT 2017 - device1.conf
Mon Jul 31 13:42:01 EDT 2017 - device2.conf
Mon Jul 31 13:43:01 EDT 2017 - Mon Jul 31 13:43:01 EDT 2017 osync batch run
Mon Jul 31 13:43:01 EDT 2017 - Sequential run n°1 of osync instances for:
Mon Jul 31 13:43:01 EDT 2017 - device1.conf
Mon Jul 31 13:43:01 EDT 2017 - device2.conf
Mon Jul 31 13:44:01 EDT 2017 - Mon Jul 31 13:44:01 EDT 2017 osync batch run
Mon Jul 31 13:44:01 EDT 2017 - Sequential run n°1 of osync instances for:
Mon Jul 31 13:44:01 EDT 2017 - device1.conf
Mon Jul 31 13:44:01 EDT 2017 - device2.conf
Mon Jul 31 13:44:44 EDT 2017 - [91mInstance device1.conf failed with exit code [1].[0m
Mon Jul 31 13:45:01 EDT 2017 - Mon Jul 31 13:45:01 EDT 2017 osync batch run
Mon Jul 31 13:45:01 EDT 2017 - Sequential run n°1 of osync instances for:
Mon Jul 31 13:45:01 EDT 2017 - device1.conf
Mon Jul 31 13:45:01 EDT 2017 - device2.conf
Mon Jul 31 13:45:43 EDT 2017 - [91mInstance device1.conf failed with exit code [1].[0m
Mon Jul 31 13:45:53 EDT 2017 - [91mInstance device1.conf failed with exit code [1].[0m
Mon Jul 31 13:45:54 EDT 2017 - [91mInstance device1.conf failed with exit code [1].[0m
Mon Jul 31 13:45:54 EDT 2017 - [91mInstance device1.conf failed with exit code [1].[0m
Mon Jul 31 13:45:55 EDT 2017 - [91mInstance device1.conf failed with exit code [1].[0m
Mon Jul 31 13:45:56 EDT 2017 - [91mInstance device2.conf failed with exit code [1].[0m
Mon Jul 31 13:45:56 EDT 2017 - Sequential run n°2 of osync instances for:
Mon Jul 31 13:45:56 EDT 2017 - device1.conf
Mon Jul 31 13:45:56 EDT 2017 - device2.conf
Mon Jul 31 13:45:57 EDT 2017 - [91mInstance device2.conf failed with exit code [1].[0m
Mon Jul 31 13:45:57 EDT 2017 - Sequential run n°2 of osync instances for:
Mon Jul 31 13:45:57 EDT 2017 - device1.conf
Mon Jul 31 13:45:57 EDT 2017 - device2.conf
Mon Jul 31 13:45:57 EDT 2017 - [91mInstance device2.conf failed with exit code [1].[0m
Mon Jul 31 13:45:57 EDT 2017 - Sequential run n°2 of osync instances for:
Mon Jul 31 13:45:57 EDT 2017 - device1.conf
Mon Jul 31 13:45:57 EDT 2017 - device2.conf
Mon Jul 31 13:45:58 EDT 2017 - [91mInstance device2.conf failed with exit code [1].[0m
Mon Jul 31 13:45:58 EDT 2017 - Sequential run n°2 of osync instances for:
Mon Jul 31 13:45:58 EDT 2017 - device1.conf
Mon Jul 31 13:45:58 EDT 2017 - device2.conf
Mon Jul 31 13:45:59 EDT 2017 - [93mInstance device1.conf finished with warnings.[0m
Mon Jul 31 13:46:00 EDT 2017 - [91mInstance device1.conf failed with exit code [1].[0m
Mon Jul 31 13:46:00 EDT 2017 - [91mInstance device1.conf failed with exit code [1].[0m
Mon Jul 31 13:46:01 EDT 2017 - Mon Jul 31 13:46:01 EDT 2017 osync batch run
Mon Jul 31 13:46:01 EDT 2017 - Sequential run n°1 of osync instances for:
Mon Jul 31 13:46:01 EDT 2017 - device1.conf
Mon Jul 31 13:46:01 EDT 2017 - device2.conf
Mon Jul 31 13:46:01 EDT 2017 - [91mInstance device1.conf failed with exit code [1].[0m
Mon Jul 31 13:46:03 EDT 2017 - [91mInstance device2.conf failed with exit code [1].[0m
Mon Jul 31 13:46:03 EDT 2017 - Sequential run n°2 of osync instances for:
Mon Jul 31 13:46:03 EDT 2017 - device2.conf
Mon Jul 31 13:46:04 EDT 2017 - [93mInstance device2.conf finished with warnings.[0m
Mon Jul 31 13:46:04 EDT 2017 - Sequential run n°2 of osync instances for:
Mon Jul 31 13:46:04 EDT 2017 - device1.conf
Mon Jul 31 13:46:04 EDT 2017 - [91mInstance device2.conf failed with exit code [1].[0m
Mon Jul 31 13:46:04 EDT 2017 - Sequential run n°3 of osync instances for:
Mon Jul 31 13:46:04 EDT 2017 - device1.conf
Mon Jul 31 13:46:04 EDT 2017 - device2.conf
Mon Jul 31 13:46:04 EDT 2017 - [93mInstance device2.conf finished with warnings.[0m
Mon Jul 31 13:46:04 EDT 2017 - Sequential run n°2 of osync instances for:
Mon Jul 31 13:46:04 EDT 2017 - device1.conf
Mon Jul 31 13:46:05 EDT 2017 - [91mInstance device2.conf failed with exit code [1].[0m
Mon Jul 31 13:46:05 EDT 2017 - Sequential run n°3 of osync instances for:
Mon Jul 31 13:46:05 EDT 2017 - device1.conf
Mon Jul 31 13:46:05 EDT 2017 - device2.conf
Mon Jul 31 13:46:07 EDT 2017 - [93mInstance device1.conf finished with warnings.[0m
Mon Jul 31 13:46:08 EDT 2017 - [93mInstance device1.conf finished with warnings.[0m
Mon Jul 31 13:46:08 EDT 2017 - [91mInstance device1.conf failed with exit code [1].[0m
Mon Jul 31 13:46:08 EDT 2017 - Sequential run n°3 of osync instances for:
Mon Jul 31 13:46:08 EDT 2017 - device1.conf
Mon Jul 31 13:46:09 EDT 2017 - [91mInstance device1.conf failed with exit code [1].[0m
Mon Jul 31 13:46:09 EDT 2017 - [91mInstance device1.conf failed with exit code [1].[0m
Mon Jul 31 13:46:11 EDT 2017 - [93mInstance device2.conf finished with warnings.[0m
Mon Jul 31 13:46:11 EDT 2017 - [91mInstance device2.conf failed with exit code [1].[0m
Mon Jul 31 13:46:11 EDT 2017 - Sequential run n°3 of osync instances for:
Mon Jul 31 13:46:11 EDT 2017 - device2.conf
Mon Jul 31 13:46:12 EDT 2017 - [93mInstance device2.conf finished with warnings.[0m
Mon Jul 31 13:46:12 EDT 2017 - Sequential run n°3 of osync instances for:
Mon Jul 31 13:46:12 EDT 2017 - device1.conf
Mon Jul 31 13:46:12 EDT 2017 - [91mInstance device2.conf failed with exit code [1].[0m
Mon Jul 31 13:46:12 EDT 2017 - Sequential run n°2 of osync instances for:
Mon Jul 31 13:46:12 EDT 2017 - device2.conf
Mon Jul 31 13:46:13 EDT 2017 - [91mInstance device2.conf failed with exit code [1].[0m
Mon Jul 31 13:46:13 EDT 2017 - [91mInstance device2.conf failed with exit code [1].[0m
Mon Jul 31 13:46:14 EDT 2017 - [91mInstance device1.conf failed with exit code [1].[0m
Mon Jul 31 13:46:15 EDT 2017 - [93mInstance device1.conf finished with warnings.[0m
Mon Jul 31 13:46:15 EDT 2017 - [91mInstance device2.conf failed with exit code [1].[0m
Mon Jul 31 13:46:15 EDT 2017 - Sequential run n°3 of osync instances for:
Mon Jul 31 13:46:15 EDT 2017 - device2.conf
Mon Jul 31 13:46:16 EDT 2017 - [93mInstance device1.conf finished with warnings.[0m
Mon Jul 31 13:46:18 EDT 2017 - [93mInstance device2.conf finished with warnings.[0m
Mon Jul 31 13:46:19 EDT 2017 - [93mInstance device2.conf finished with warnings.[0m
Mon Jul 31 13:47:01 EDT 2017 - Mon Jul 31 13:47:01 EDT 2017 osync batch run
Mon Jul 31 13:47:01 EDT 2017 - Sequential run n°1 of osync instances for:
Mon Jul 31 13:47:01 EDT 2017 - device1.conf
Mon Jul 31 13:47:01 EDT 2017 - device2.conf
Mon Jul 31 13:47:05 EDT 2017 - [93mInstance device1.conf finished with warnings.[0m
Mon Jul 31 13:47:10 EDT 2017 - [93mInstance device2.conf finished with warnings.[0m
Mon Jul 31 13:48:01 EDT 2017 - Mon Jul 31 13:48:01 EDT 2017 osync batch run
Mon Jul 31 13:48:01 EDT 2017 - Sequential run n°1 of osync instances for:
Mon Jul 31 13:48:01 EDT 2017 - device1.conf
Mon Jul 31 13:48:01 EDT 2017 - device2.conf
Mon Jul 31 13:48:06 EDT 2017 - [93mInstance device1.conf finished with warnings.[0m
Mon Jul 31 13:48:11 EDT 2017 - [93mInstance device2.conf finished with warnings.[0m
Mon Jul 31 13:49:01 EDT 2017 - Mon Jul 31 13:49:01 EDT 2017 osync batch run
Mon Jul 31 13:49:01 EDT 2017 - Sequential run n°1 of osync instances for:
Mon Jul 31 13:49:01 EDT 2017 - device1.conf
Mon Jul 31 13:49:01 EDT 2017 - device2.conf
Mon Jul 31 13:49:06 EDT 2017 - [93mInstance device1.conf finished with warnings.[0m
Mon Jul 31 13:49:11 EDT 2017 - [93mInstance device2.conf finished with warnings.[0m
Mon Jul 31 13:50:01 EDT 2017 - Mon Jul 31 13:50:01 EDT 2017 osync batch run
Mon Jul 31 13:50:01 EDT 2017 - Sequential run n°1 of osync instances for:
Mon Jul 31 13:50:01 EDT 2017 - device1.conf
Mon Jul 31 13:50:01 EDT 2017 - device2.conf
Mon Jul 31 13:50:06 EDT 2017 - [93mInstance device1.conf finished with warnings.[0m
Mon Jul 31 13:50:10 EDT 2017 - [93mInstance device2.conf finished with warnings.[0m
Mon Jul 31 13:51:01 EDT 2017 - Mon Jul 31 13:51:01 EDT 2017 osync batch run
Mon Jul 31 13:51:01 EDT 2017 - Sequential run n°1 of osync instances for:
Mon Jul 31 13:51:01 EDT 2017 - device1.conf
Mon Jul 31 13:51:01 EDT 2017 - device2.conf
Mon Jul 31 13:51:07 EDT 2017 - [93mInstance device1.conf finished with warnings.[0m
Mon Jul 31 13:51:12 EDT 2017 - [93mInstance device2.conf finished with warnings.[0m
Mon Jul 31 14:49:36 EDT 2017 - Mon Jul 31 14:49:36 EDT 2017 osync batch run
Mon Jul 31 14:49:36 EDT 2017 - Sequential run n°1 of osync instances for:
Mon Jul 31 14:49:36 EDT 2017 - device1.conf
Mon Jul 31 14:49:36 EDT 2017 - device2.conf
Mon Jul 31 14:49:48 EDT 2017 - [93mInstance device1.conf finished with warnings.[0m
Mon Jul 31 14:50:00 EDT 2017 - Instance device2.conf succeed.
Mon Jul 31 14:50:00 EDT 2017 - Mon Jul 31 14:50:00 EDT 2017 osync batch run
Mon Jul 31 14:50:00 EDT 2017 - Sequential run n°1 of osync instances for:
Mon Jul 31 14:50:00 EDT 2017 - device1.conf
Mon Jul 31 14:50:00 EDT 2017 - device2.conf
Mon Jul 31 14:50:12 EDT 2017 - Instance device1.conf succeed.
Mon Jul 31 14:50:24 EDT 2017 - Instance device2.conf succeed.
Mon Jul 31 14:51:01 EDT 2017 - Mon Jul 31 14:51:01 EDT 2017 osync batch run
Mon Jul 31 14:51:01 EDT 2017 - Sequential run n°1 of osync instances for:
Mon Jul 31 14:51:01 EDT 2017 - device1.conf
Mon Jul 31 14:51:01 EDT 2017 - device2.conf
Mon Jul 31 14:51:13 EDT 2017 - Instance device1.conf succeed.
Mon Jul 31 14:51:24 EDT 2017 - Instance device2.conf succeed.
Mon Jul 31 14:52:01 EDT 2017 - Mon Jul 31 14:52:01 EDT 2017 osync batch run
Mon Jul 31 14:52:01 EDT 2017 - Sequential run n°1 of osync instances for:
Mon Jul 31 14:52:01 EDT 2017 - device1.conf
Mon Jul 31 14:52:01 EDT 2017 - device2.conf
Mon Jul 31 14:52:13 EDT 2017 - Instance device1.conf succeed.
Mon Jul 31 14:52:25 EDT 2017 - Instance device2.conf succeed.
Mon Jul 31 14:53:01 EDT 2017 - Mon Jul 31 14:53:01 EDT 2017 osync batch run
Mon Jul 31 14:53:01 EDT 2017 - Sequential run n°1 of osync instances for:
Mon Jul 31 14:53:01 EDT 2017 - device1.conf
Mon Jul 31 14:53:01 EDT 2017 - device2.conf
Mon Jul 31 14:53:13 EDT 2017 - Instance device1.conf succeed.
Mon Jul 31 14:53:24 EDT 2017 - Instance device2.conf succeed.
Mon Jul 31 14:54:01 EDT 2017 - Mon Jul 31 14:54:01 EDT 2017 osync batch run
Mon Jul 31 14:54:01 EDT 2017 - Sequential run n°1 of osync instances for:
Mon Jul 31 14:54:01 EDT 2017 - device1.conf
Mon Jul 31 14:54:01 EDT 2017 - device2.conf
Mon Jul 31 14:54:13 EDT 2017 - Instance device1.conf succeed.
Mon Jul 31 14:54:25 EDT 2017 - Instance device2.conf succeed.
Mon Jul 31 14:55:01 EDT 2017 - Mon Jul 31 14:55:01 EDT 2017 osync batch run
Mon Jul 31 14:55:01 EDT 2017 - Sequential run n°1 of osync instances for:
Mon Jul 31 14:55:01 EDT 2017 - device1.conf
Mon Jul 31 14:55:01 EDT 2017 - device2.conf
Mon Jul 31 14:55:13 EDT 2017 - Instance device1.conf succeed.
Mon Jul 31 14:55:25 EDT 2017 - Instance device2.conf succeed.
Mon Jul 31 15:12:06 EDT 2017 - Mon Jul 31 15:12:06 EDT 2017 osync batch run
Mon Jul 31 15:12:06 EDT 2017 - Sequential run n°1 of osync instances for:
Mon Jul 31 15:12:06 EDT 2017 - device1.conf
Mon Jul 31 15:12:06 EDT 2017 - device2.conf
Mon Jul 31 15:12:19 EDT 2017 - Instance device1.conf succeed.
Mon Jul 31 15:12:31 EDT 2017 - Instance device2.conf succeed.
Mon Jul 31 15:13:31 EDT 2017 - Mon Jul 31 15:13:31 EDT 2017 osync batch run
Mon Jul 31 15:13:31 EDT 2017 - Sequential run n°1 of osync instances for:
Mon Jul 31 15:13:31 EDT 2017 - device1.conf
Mon Jul 31 15:13:31 EDT 2017 - device2.conf
Mon Jul 31 15:13:48 EDT 2017 - Instance device1.conf succeed.
Mon Jul 31 15:14:00 EDT 2017 - Instance device2.conf succeed.
Mon Jul 31 15:16:01 EDT 2017 - Mon Jul 31 15:16:01 EDT 2017 osync batch run
Mon Jul 31 15:16:01 EDT 2017 - Sequential run n°1 of osync instances for:
Mon Jul 31 15:16:01 EDT 2017 - device1.conf
Mon Jul 31 15:16:01 EDT 2017 - device2.conf
Mon Jul 31 15:16:13 EDT 2017 - Instance device1.conf succeed.
Mon Jul 31 15:16:24 EDT 2017 - Instance device2.conf succeed.
Mon Jul 31 15:17:01 EDT 2017 - Mon Jul 31 15:17:01 EDT 2017 osync batch run
Mon Jul 31 15:17:01 EDT 2017 - Sequential run n°1 of osync instances for:
Mon Jul 31 15:17:01 EDT 2017 - device1.conf
Mon Jul 31 15:17:01 EDT 2017 - device2.conf
Mon Jul 31 15:17:13 EDT 2017 - Instance device1.conf succeed.
Mon Jul 31 15:17:29 EDT 2017 - Instance device2.conf succeed.
Mon Jul 31 15:18:01 EDT 2017 - Mon Jul 31 15:18:01 EDT 2017 osync batch run
Mon Jul 31 15:18:01 EDT 2017 - Sequential run n°1 of osync instances for:
Mon Jul 31 15:18:01 EDT 2017 - device1.conf
Mon Jul 31 15:18:01 EDT 2017 - device2.conf
Mon Jul 31 15:18:12 EDT 2017 - Instance device1.conf succeed.
Mon Jul 31 15:18:28 EDT 2017 - Instance device2.conf succeed.
Mon Jul 31 15:19:01 EDT 2017 - Mon Jul 31 15:19:01 EDT 2017 osync batch run
Mon Jul 31 15:19:01 EDT 2017 - Sequential run n°1 of osync instances for:
Mon Jul 31 15:19:01 EDT 2017 - device1.conf
Mon Jul 31 15:19:01 EDT 2017 - device2.conf
Mon Jul 31 15:19:12 EDT 2017 - Instance device1.conf succeed.
Mon Jul 31 15:19:23 EDT 2017 - Instance device2.conf succeed.
Mon Jul 31 15:20:01 EDT 2017 - Mon Jul 31 15:20:01 EDT 2017 osync batch run
Mon Jul 31 15:20:01 EDT 2017 - Sequential run n°1 of osync instances for:
Mon Jul 31 15:20:01 EDT 2017 - device1.conf
Mon Jul 31 15:20:01 EDT 2017 - device2.conf
Mon Jul 31 15:20:13 EDT 2017 - Instance device1.conf succeed.
Mon Jul 31 15:20:29 EDT 2017 - Instance device2.conf succeed.
Mon Jul 31 15:21:01 EDT 2017 - Mon Jul 31 15:21:01 EDT 2017 osync batch run
Mon Jul 31 15:21:01 EDT 2017 - Sequential run n°1 of osync instances for:
Mon Jul 31 15:21:01 EDT 2017 - device1.conf
Mon Jul 31 15:21:01 EDT 2017 - device2.conf
Mon Jul 31 15:21:12 EDT 2017 - Instance device1.conf succeed.
Mon Jul 31 15:21:23 EDT 2017 - Instance device2.conf succeed.
Mon Jul 31 15:22:01 EDT 2017 - Mon Jul 31 15:22:01 EDT 2017 osync batch run
Mon Jul 31 15:22:01 EDT 2017 - Sequential run n°1 of osync instances for:
Mon Jul 31 15:22:01 EDT 2017 - device1.conf
Mon Jul 31 15:22:01 EDT 2017 - device2.conf
Mon Jul 31 15:22:13 EDT 2017 - Instance device1.conf succeed.
Mon Jul 31 15:22:24 EDT 2017 - Instance device2.conf succeed.
Mon Jul 31 15:23:01 EDT 2017 - Mon Jul 31 15:23:01 EDT 2017 osync batch run
Mon Jul 31 15:23:01 EDT 2017 - Sequential run n°1 of osync instances for:
Mon Jul 31 15:23:01 EDT 2017 - device1.conf
Mon Jul 31 15:23:01 EDT 2017 - device2.conf
Mon Jul 31 15:23:12 EDT 2017 - Instance device1.conf succeed.
Mon Jul 31 15:23:23 EDT 2017 - Instance device2.conf succeed.
Mon Jul 31 15:24:01 EDT 2017 - Mon Jul 31 15:24:01 EDT 2017 osync batch run
Mon Jul 31 15:24:01 EDT 2017 - Sequential run n°1 of osync instances for:
Mon Jul 31 15:24:01 EDT 2017 - device1.conf
Mon Jul 31 15:24:01 EDT 2017 - device2.conf
Mon Jul 31 15:24:13 EDT 2017 - Instance device1.conf succeed.
Mon Jul 31 15:24:24 EDT 2017 - Instance device2.conf succeed.
Mon Jul 31 15:25:01 EDT 2017 - Mon Jul 31 15:25:01 EDT 2017 osync batch run
Mon Jul 31 15:25:01 EDT 2017 - Sequential run n°1 of osync instances for:
Mon Jul 31 15:25:01 EDT 2017 - device1.conf
Mon Jul 31 15:25:01 EDT 2017 - device2.conf
Mon Jul 31 15:25:12 EDT 2017 - Instance device1.conf succeed.
Mon Jul 31 15:25:23 EDT 2017 - Instance device2.conf succeed.
Mon Jul 31 15:26:01 EDT 2017 - Mon Jul 31 15:26:01 EDT 2017 osync batch run
Mon Jul 31 15:26:01 EDT 2017 - Sequential run n°1 of osync instances for:
Mon Jul 31 15:26:01 EDT 2017 - device1.conf
Mon Jul 31 15:26:01 EDT 2017 - device2.conf
Mon Jul 31 15:26:13 EDT 2017 - Instance device1.conf succeed.
Mon Jul 31 15:26:24 EDT 2017 - Instance device2.conf succeed.
Mon Jul 31 15:27:01 EDT 2017 - Mon Jul 31 15:27:01 EDT 2017 osync batch run
Mon Jul 31 15:27:01 EDT 2017 - Sequential run n°1 of osync instances for:
Mon Jul 31 15:27:01 EDT 2017 - device1.conf
Mon Jul 31 15:27:01 EDT 2017 - device2.conf
Mon Jul 31 15:27:18 EDT 2017 - Instance device1.conf succeed.
Mon Jul 31 15:27:40 EDT 2017 - Instance device2.conf succeed.
Mon Jul 31 15:28:01 EDT 2017 - Mon Jul 31 15:28:01 EDT 2017 osync batch run
Mon Jul 31 15:28:01 EDT 2017 - Sequential run n°1 of osync instances for:
Mon Jul 31 15:28:01 EDT 2017 - device1.conf
Mon Jul 31 15:28:01 EDT 2017 - device2.conf
Mon Jul 31 15:28:11 EDT 2017 - Instance device1.conf succeed.
Mon Jul 31 15:28:28 EDT 2017 - Instance device2.conf succeed.
Mon Jul 31 15:29:01 EDT 2017 - Mon Jul 31 15:29:01 EDT 2017 osync batch run
Mon Jul 31 15:29:01 EDT 2017 - Sequential run n°1 of osync instances for:
Mon Jul 31 15:29:01 EDT 2017 - device1.conf
Mon Jul 31 15:29:01 EDT 2017 - device2.conf
Mon Jul 31 15:29:12 EDT 2017 - Instance device1.conf succeed.
Mon Jul 31 15:29:23 EDT 2017 - Instance device2.conf succeed.
Mon Jul 31 15:30:01 EDT 2017 - Mon Jul 31 15:30:01 EDT 2017 osync batch run
Mon Jul 31 15:30:01 EDT 2017 - Sequential run n°1 of osync instances for:
Mon Jul 31 15:30:01 EDT 2017 - device1.conf
Mon Jul 31 15:30:01 EDT 2017 - device2.conf
Mon Jul 31 15:30:18 EDT 2017 - Instance device1.conf succeed.
Mon Jul 31 15:30:30 EDT 2017 - Instance device2.conf succeed.
Mon Jul 31 15:31:01 EDT 2017 - Mon Jul 31 15:31:01 EDT 2017 osync batch run
Mon Jul 31 15:31:01 EDT 2017 - Sequential run n°1 of osync instances for:
Mon Jul 31 15:31:01 EDT 2017 - device1.conf
Mon Jul 31 15:31:01 EDT 2017 - device2.conf
Mon Jul 31 15:31:13 EDT 2017 - Instance device1.conf succeed.
Mon Jul 31 15:31:34 EDT 2017 - Instance device2.conf succeed.
Mon Jul 31 15:32:01 EDT 2017 - Mon Jul 31 15:32:01 EDT 2017 osync batch run
Mon Jul 31 15:32:01 EDT 2017 - Sequential run n°1 of osync instances for:
Mon Jul 31 15:32:01 EDT 2017 - device1.conf
Mon Jul 31 15:32:01 EDT 2017 - device2.conf
Mon Jul 31 15:32:14 EDT 2017 - Instance device1.conf succeed.
Mon Jul 31 15:32:25 EDT 2017 - Instance device2.conf succeed.
Mon Jul 31 15:33:01 EDT 2017 - Mon Jul 31 15:33:01 EDT 2017 osync batch run
Mon Jul 31 15:33:01 EDT 2017 - Sequential run n°1 of osync instances for:
Mon Jul 31 15:33:01 EDT 2017 - device1.conf
Mon Jul 31 15:33:01 EDT 2017 - device2.conf
Mon Jul 31 15:33:13 EDT 2017 - Instance device1.conf succeed.
Mon Jul 31 15:33:25 EDT 2017 - Instance device2.conf succeed.
Mon Jul 31 15:34:01 EDT 2017 - Mon Jul 31 15:34:01 EDT 2017 osync batch run
Mon Jul 31 15:34:01 EDT 2017 - Sequential run n°1 of osync instances for:
Mon Jul 31 15:34:01 EDT 2017 - device1.conf
Mon Jul 31 15:34:01 EDT 2017 - device2.conf
Mon Jul 31 15:34:13 EDT 2017 - Instance device1.conf succeed.
Mon Jul 31 15:34:25 EDT 2017 - Instance device2.conf succeed.
Mon Jul 31 15:35:01 EDT 2017 - Mon Jul 31 15:35:01 EDT 2017 osync batch run
Mon Jul 31 15:35:01 EDT 2017 - Sequential run n°1 of osync instances for:
Mon Jul 31 15:35:01 EDT 2017 - device1.conf
Mon Jul 31 15:35:01 EDT 2017 - device2.conf
Mon Jul 31 15:35:12 EDT 2017 - Instance device1.conf succeed.
Mon Jul 31 15:35:24 EDT 2017 - Instance device2.conf succeed.
Mon Jul 31 15:36:01 EDT 2017 - Mon Jul 31 15:36:01 EDT 2017 osync batch run
Mon Jul 31 15:36:01 EDT 2017 - Sequential run n°1 of osync instances for:
Mon Jul 31 15:36:01 EDT 2017 - device1.conf
Mon Jul 31 15:36:01 EDT 2017 - device2.conf
Mon Jul 31 15:36:13 EDT 2017 - Instance device1.conf succeed.
Mon Jul 31 15:36:24 EDT 2017 - Instance device2.conf succeed.
Mon Jul 31 15:37:01 EDT 2017 - Mon Jul 31 15:37:01 EDT 2017 osync batch run
Mon Jul 31 15:37:01 EDT 2017 - Sequential run n°1 of osync instances for:
Mon Jul 31 15:37:01 EDT 2017 - device1.conf
Mon Jul 31 15:37:01 EDT 2017 - device2.conf
Mon Jul 31 15:37:14 EDT 2017 - Instance device1.conf succeed.
Mon Jul 31 15:37:30 EDT 2017 - Instance device2.conf succeed.
Mon Jul 31 15:38:01 EDT 2017 - Mon Jul 31 15:38:01 EDT 2017 osync batch run
Mon Jul 31 15:38:01 EDT 2017 - Sequential run n°1 of osync instances for:
Mon Jul 31 15:38:01 EDT 2017 - device1.conf
Mon Jul 31 15:38:01 EDT 2017 - device2.conf
Mon Jul 31 15:38:13 EDT 2017 - Instance device1.conf succeed.
Mon Jul 31 15:38:25 EDT 2017 - Instance device2.conf succeed.
Mon Jul 31 15:39:01 EDT 2017 - Mon Jul 31 15:39:01 EDT 2017 osync batch run
Mon Jul 31 15:39:01 EDT 2017 - Sequential run n°1 of osync instances for:
Mon Jul 31 15:39:01 EDT 2017 - device1.conf
Mon Jul 31 15:39:01 EDT 2017 - device2.conf
Mon Jul 31 15:39:13 EDT 2017 - Instance device1.conf succeed.
Mon Jul 31 15:39:25 EDT 2017 - Instance device2.conf succeed.
Mon Jul 31 15:40:01 EDT 2017 - Mon Jul 31 15:40:01 EDT 2017 osync batch run
Mon Jul 31 15:40:01 EDT 2017 - Sequential run n°1 of osync instances for:
Mon Jul 31 15:40:01 EDT 2017 - device1.conf
Mon Jul 31 15:40:01 EDT 2017 - device2.conf
Mon Jul 31 15:40:13 EDT 2017 - Instance device1.conf succeed.
Mon Jul 31 15:40:25 EDT 2017 - Instance device2.conf succeed.
Mon Jul 31 15:41:01 EDT 2017 - Mon Jul 31 15:41:01 EDT 2017 osync batch run
Mon Jul 31 15:41:01 EDT 2017 - Sequential run n°1 of osync instances for:
Mon Jul 31 15:41:01 EDT 2017 - device1.conf
Mon Jul 31 15:41:01 EDT 2017 - device2.conf
Mon Jul 31 15:41:18 EDT 2017 - Instance device1.conf succeed.
Mon Jul 31 15:41:29 EDT 2017 - Instance device2.conf succeed.
Mon Jul 31 15:42:01 EDT 2017 - Mon Jul 31 15:42:01 EDT 2017 osync batch run
Mon Jul 31 15:42:01 EDT 2017 - Sequential run n°1 of osync instances for:
Mon Jul 31 15:42:01 EDT 2017 - device1.conf
Mon Jul 31 15:42:01 EDT 2017 - device2.conf
Mon Jul 31 15:42:13 EDT 2017 - Instance device1.conf succeed.
Mon Jul 31 15:42:30 EDT 2017 - Instance device2.conf succeed.
Mon Jul 31 15:43:01 EDT 2017 - Mon Jul 31 15:43:01 EDT 2017 osync batch run
Mon Jul 31 15:43:01 EDT 2017 - Sequential run n°1 of osync instances for:
Mon Jul 31 15:43:01 EDT 2017 - device1.conf
Mon Jul 31 15:43:01 EDT 2017 - device2.conf
Mon Jul 31 15:43:13 EDT 2017 - Instance device1.conf succeed.
Mon Jul 31 15:43:24 EDT 2017 - Instance device2.conf succeed.
Mon Jul 31 15:44:01 EDT 2017 - Mon Jul 31 15:44:01 EDT 2017 osync batch run
Mon Jul 31 15:44:01 EDT 2017 - Sequential run n°1 of osync instances for:
Mon Jul 31 15:44:01 EDT 2017 - device1.conf
Mon Jul 31 15:44:01 EDT 2017 - device2.conf
Mon Jul 31 15:44:13 EDT 2017 - Instance device1.conf succeed.
Mon Jul 31 15:44:25 EDT 2017 - Instance device2.conf succeed.
Mon Jul 31 15:45:01 EDT 2017 - Mon Jul 31 15:45:01 EDT 2017 osync batch run
Mon Jul 31 15:45:01 EDT 2017 - Sequential run n°1 of osync instances for:
Mon Jul 31 15:45:01 EDT 2017 - device1.conf
Mon Jul 31 15:45:01 EDT 2017 - device2.conf
Mon Jul 31 15:45:14 EDT 2017 - Instance device1.conf succeed.
Mon Jul 31 15:45:26 EDT 2017 - Instance device2.conf succeed.
Mon Jul 31 15:46:01 EDT 2017 - Mon Jul 31 15:46:01 EDT 2017 osync batch run
Mon Jul 31 15:46:01 EDT 2017 - Sequential run n°1 of osync instances for:
Mon Jul 31 15:46:01 EDT 2017 - device1.conf
Mon Jul 31 15:46:01 EDT 2017 - device2.conf
Mon Jul 31 15:46:12 EDT 2017 - Instance device1.conf succeed.
Mon Jul 31 15:46:25 EDT 2017 - Instance device2.conf succeed.
Mon Jul 31 15:47:01 EDT 2017 - Mon Jul 31 15:47:01 EDT 2017 osync batch run
Mon Jul 31 15:47:01 EDT 2017 - Sequential run n°1 of osync instances for:
Mon Jul 31 15:47:01 EDT 2017 - device1.conf
Mon Jul 31 15:47:01 EDT 2017 - device2.conf
Mon Jul 31 15:47:12 EDT 2017 - Instance device1.conf succeed.
Mon Jul 31 15:47:29 EDT 2017 - Instance device2.conf succeed.
Mon Jul 31 15:48:01 EDT 2017 - Mon Jul 31 15:48:01 EDT 2017 osync batch run
Mon Jul 31 15:48:01 EDT 2017 - Sequential run n°1 of osync instances for:
Mon Jul 31 15:48:01 EDT 2017 - device1.conf
Mon Jul 31 15:48:01 EDT 2017 - device2.conf
Mon Jul 31 15:48:12 EDT 2017 - Instance device1.conf succeed.
Mon Jul 31 15:48:24 EDT 2017 - Instance device2.conf succeed.
Mon Jul 31 15:49:01 EDT 2017 - Mon Jul 31 15:49:01 EDT 2017 osync batch run
Mon Jul 31 15:49:01 EDT 2017 - Sequential run n°1 of osync instances for:
Mon Jul 31 15:49:01 EDT 2017 - device1.conf
Mon Jul 31 15:49:01 EDT 2017 - device2.conf
Mon Jul 31 15:49:12 EDT 2017 - Instance device1.conf succeed.
Mon Jul 31 15:49:25 EDT 2017 - Instance device2.conf succeed.
Mon Jul 31 15:50:01 EDT 2017 - Mon Jul 31 15:50:01 EDT 2017 osync batch run
Mon Jul 31 15:50:01 EDT 2017 - Sequential run n°1 of osync instances for:
Mon Jul 31 15:50:01 EDT 2017 - device1.conf
Mon Jul 31 15:50:01 EDT 2017 - device2.conf
Mon Jul 31 15:50:13 EDT 2017 - Instance device1.conf succeed.
Mon Jul 31 15:50:25 EDT 2017 - Instance device2.conf succeed.
Mon Jul 31 15:52:01 EDT 2017 - Mon Jul 31 15:52:01 EDT 2017 osync batch run
Mon Jul 31 15:52:01 EDT 2017 - Sequential run n°1 of osync instances for:
Mon Jul 31 15:52:01 EDT 2017 - device1.conf
Mon Jul 31 15:52:01 EDT 2017 - device2.conf
Mon Jul 31 15:52:03 EDT 2017 - [91mInstance device1.conf failed with exit code [1].[0m
Mon Jul 31 15:52:03 EDT 2017 - [91mInstance device2.conf failed with exit code [1].[0m
Mon Jul 31 15:52:03 EDT 2017 - Sequential run n°2 of osync instances for:
Mon Jul 31 15:52:03 EDT 2017 - device1.conf
Mon Jul 31 15:52:03 EDT 2017 - device2.conf
Mon Jul 31 15:52:04 EDT 2017 - [91mInstance device1.conf failed with exit code [1].[0m
Mon Jul 31 15:52:04 EDT 2017 - [91mInstance device2.conf failed with exit code [1].[0m
Mon Jul 31 15:52:04 EDT 2017 - Sequential run n°3 of osync instances for:
Mon Jul 31 15:52:04 EDT 2017 - device1.conf
Mon Jul 31 15:52:04 EDT 2017 - device2.conf
Mon Jul 31 15:52:05 EDT 2017 - [91mInstance device1.conf failed with exit code [1].[0m
Mon Jul 31 15:52:05 EDT 2017 - [91mInstance device2.conf failed with exit code [1].[0m
